[13:36:02] [Server thread/INFO]: Starting minecraft server version 1.11.2
[13:36:02] [Server thread/INFO]: Loading properties
[13:36:02] [Server thread/INFO]: Default game type: SURVIVAL
[13:36:03] [Server thread/INFO]: This server is running CraftBukkit version git-Spigot-7d78b81-0fb3f8b (MC: 1.11.2) (Implementing API version 1.11.2-R0.1-SNAPSHOT)
[13:36:03] [Server thread/INFO]: Debug logging is disabled
[13:36:03] [Server thread/INFO]: Using 4 threads for Netty based IO
[13:36:03] [Server thread/INFO]: Server Ping Player Sample Count: 12
[13:36:03] [Server thread/INFO]: Generating keypair
[13:36:04] [Server thread/INFO]: Starting Minecraft server on *:25565
[13:36:04] [Server thread/INFO]: Using default channel type
[13:36:04] [Server thread/INFO]: Set PluginClassLoader as parallel capable
[13:36:05] [Server thread/INFO]: [Skript] Loading Skript v2.2-dev22g
[13:36:05] [Server thread/INFO]: [skRayFall] Loading skRayFall v1.9.7
[13:36:05] [Server thread/INFO]: [Umbaska] Loading Umbaska v3-dev34
[13:36:05] [Server thread/INFO]: **** Beginning UUID conversion, this may take A LONG time ****
[13:36:05] [Server thread/INFO]: Preparing level "world"
[13:36:05] [Server thread/INFO]: -------- World Settings For [world] --------
[13:36:05] [Server thread/INFO]: Arrow Despawn Rate: 1200
[13:36:05] [Server thread/INFO]: Allow Zombie Pigmen to spawn from portal blocks: true
[13:36:05] [Server thread/INFO]: Cactus Growth Modifier: 100%
[13:36:05] [Server thread/INFO]: Cane Growth Modifier: 100%
[13:36:05] [Server thread/INFO]: Melon Growth Modifier: 100%
[13:36:05] [Server thread/INFO]: Mushroom Growth Modifier: 100%
[13:36:05] [Server thread/INFO]: Pumpkin Growth Modifier: 100%
[13:36:05] [Server thread/INFO]: Sapling Growth Modifier: 100%
[13:36:05] [Server thread/INFO]: Wheat Growth Modifier: 100%
[13:36:05] [Server thread/INFO]: NetherWart Growth Modifier: 100%
[13:36:05] [Server thread/INFO]: Vine Growth Modifier: 100%
[13:36:05] [Server thread/INFO]: Cocoa Growth Modifier: 100%
[13:36:05] [Server thread/INFO]: Mob Spawn Range: 4
[13:36:05] [Server thread/INFO]: Item Despawn Rate: 6000
[13:36:05] [Server thread/INFO]: Item Merge Radius: 2.5
[13:36:05] [Server thread/INFO]: Custom Map Seeds:  Village: 10387312 Feature: 14357617
[13:36:05] [Server thread/INFO]: Experience Merge Radius: 3.0
[13:36:05] [Server thread/INFO]: Nerfing mobs spawned from spawners: false
[13:36:05] [Server thread/INFO]: View Distance: 10
[13:36:05] [Server thread/INFO]: Entity Tracking Range: Pl 48 / An 48 / Mo 48 / Mi 32 / Other 64
[13:36:05] [Server thread/INFO]: Hopper Transfer: 8 Hopper Check: 8 Hopper Amount: 1
[13:36:05] [Server thread/INFO]: Max TNT Explosions: 100
[13:36:05] [Server thread/INFO]: Entity Activation Range: An 32 / Mo 32 / Mi 16
[13:36:05] [Server thread/INFO]: Structure Info Saving: true
[13:36:05] [Server thread/INFO]: Tile Max Tick Time: 50ms Entity max Tick Time: 50ms
[13:36:05] [Server thread/INFO]: Random Lighting Updates: false
[13:36:05] [Server thread/INFO]: Zombie Aggressive Towards Villager: true
[13:36:05] [Server thread/INFO]: -------- World Settings For [world_nether] --------
[13:36:05] [Server thread/INFO]: Arrow Despawn Rate: 1200
[13:36:05] [Server thread/INFO]: Allow Zombie Pigmen to spawn from portal blocks: true
[13:36:05] [Server thread/INFO]: Cactus Growth Modifier: 100%
[13:36:05] [Server thread/INFO]: Cane Growth Modifier: 100%
[13:36:05] [Server thread/INFO]: Melon Growth Modifier: 100%
[13:36:05] [Server thread/INFO]: Mushroom Growth Modifier: 100%
[13:36:05] [Server thread/INFO]: Pumpkin Growth Modifier: 100%
[13:36:05] [Server thread/INFO]: Sapling Growth Modifier: 100%
[13:36:05] [Server thread/INFO]: Wheat Growth Modifier: 100%
[13:36:05] [Server thread/INFO]: NetherWart Growth Modifier: 100%
[13:36:05] [Server thread/INFO]: Vine Growth Modifier: 100%
[13:36:05] [Server thread/INFO]: Cocoa Growth Modifier: 100%
[13:36:05] [Server thread/INFO]: Mob Spawn Range: 4
[13:36:05] [Server thread/INFO]: Item Despawn Rate: 6000
[13:36:05] [Server thread/INFO]: Item Merge Radius: 2.5
[13:36:05] [Server thread/INFO]: Custom Map Seeds:  Village: 10387312 Feature: 14357617
[13:36:05] [Server thread/INFO]: Experience Merge Radius: 3.0
[13:36:05] [Server thread/INFO]: Nerfing mobs spawned from spawners: false
[13:36:05] [Server thread/INFO]: View Distance: 10
[13:36:05] [Server thread/INFO]: Entity Tracking Range: Pl 48 / An 48 / Mo 48 / Mi 32 / Other 64
[13:36:05] [Server thread/INFO]: Hopper Transfer: 8 Hopper Check: 8 Hopper Amount: 1
[13:36:05] [Server thread/INFO]: Max TNT Explosions: 100
[13:36:05] [Server thread/INFO]: Entity Activation Range: An 32 / Mo 32 / Mi 16
[13:36:05] [Server thread/INFO]: Structure Info Saving: true
[13:36:05] [Server thread/INFO]: Tile Max Tick Time: 50ms Entity max Tick Time: 50ms
[13:36:05] [Server thread/INFO]: Random Lighting Updates: false
[13:36:05] [Server thread/INFO]: Zombie Aggressive Towards Villager: true
[13:36:05] [Server thread/INFO]: -------- World Settings For [world_the_end] --------
[13:36:05] [Server thread/INFO]: Arrow Despawn Rate: 1200
[13:36:05] [Server thread/INFO]: Allow Zombie Pigmen to spawn from portal blocks: true
[13:36:05] [Server thread/INFO]: Cactus Growth Modifier: 100%
[13:36:05] [Server thread/INFO]: Cane Growth Modifier: 100%
[13:36:05] [Server thread/INFO]: Melon Growth Modifier: 100%
[13:36:05] [Server thread/INFO]: Mushroom Growth Modifier: 100%
[13:36:05] [Server thread/INFO]: Pumpkin Growth Modifier: 100%
[13:36:05] [Server thread/INFO]: Sapling Growth Modifier: 100%
[13:36:05] [Server thread/INFO]: Wheat Growth Modifier: 100%
[13:36:05] [Server thread/INFO]: NetherWart Growth Modifier: 100%
[13:36:05] [Server thread/INFO]: Vine Growth Modifier: 100%
[13:36:05] [Server thread/INFO]: Cocoa Growth Modifier: 100%
[13:36:05] [Server thread/INFO]: Mob Spawn Range: 4
[13:36:05] [Server thread/INFO]: Item Despawn Rate: 6000
[13:36:05] [Server thread/INFO]: Item Merge Radius: 2.5
[13:36:05] [Server thread/INFO]: Custom Map Seeds:  Village: 10387312 Feature: 14357617
[13:36:05] [Server thread/INFO]: Experience Merge Radius: 3.0
[13:36:05] [Server thread/INFO]: Nerfing mobs spawned from spawners: false
[13:36:05] [Server thread/INFO]: View Distance: 10
[13:36:05] [Server thread/INFO]: Entity Tracking Range: Pl 48 / An 48 / Mo 48 / Mi 32 / Other 64
[13:36:05] [Server thread/INFO]: Hopper Transfer: 8 Hopper Check: 8 Hopper Amount: 1
[13:36:05] [Server thread/INFO]: Max TNT Explosions: 100
[13:36:05] [Server thread/INFO]: Entity Activation Range: An 32 / Mo 32 / Mi 16
[13:36:05] [Server thread/INFO]: Structure Info Saving: true
[13:36:05] [Server thread/INFO]: Tile Max Tick Time: 50ms Entity max Tick Time: 50ms
[13:36:05] [Server thread/INFO]: Random Lighting Updates: false
[13:36:05] [Server thread/INFO]: Zombie Aggressive Towards Villager: true
[13:36:05] [Server thread/INFO]: Preparing start region for level 0 (Seed: 6644277049522061815)
[13:36:06] [Server thread/INFO]: Preparing spawn area: 12%
[13:36:07] [Server thread/INFO]: Preparing spawn area: 66%
[13:36:08] [Server thread/INFO]: Preparing start region for level 1 (Seed: 6644277049522061815)
[13:36:09] [Server thread/INFO]: Preparing spawn area: 64%
[13:36:09] [Server thread/INFO]: Preparing start region for level 2 (Seed: 6644277049522061815)
[13:36:09] [Server thread/INFO]: [Skript] Enabling Skript v2.2-dev22g
[13:36:11] [Server thread/INFO]: [Skript] Starting updater thread
[13:36:12] [Server thread/INFO]: [Skript] Loaded a total of 19994 english aliases
[13:36:12] [Server thread/WARN]: [Skript] There are no aliases defined for the following ids: 438, 441, 452
[13:36:12] [Server thread/INFO]: [Skript]  ~ created by & © Peter Güttinger aka Njol ~
[13:36:12] [Server thread/INFO]: [skRayFall] Enabling skRayFall v1.9.7
[13:36:12] [Server thread/INFO]: [skRayFall] Yay! You are running skRayFall 1.9.7!
[13:36:12] [Server thread/INFO]: [skRayFall] Nathan and Lewis <3 you.
[13:36:12] [Server thread/INFO]: [skRayFall] Cooking Bacon...
[13:36:12] [Server thread/INFO]: [skRayFall] Citizens not found! Sorry you cant make friends, but don't worry we will still be your friend <3
[13:36:12] [Server thread/INFO]: [skRayFall] Got bacon for the EffectLib partical ninjas!
[13:36:12] [Server thread/INFO]: [skRayFall] No Votifier Found! *Checks oven for finished bacon*
[13:36:12] [Server thread/INFO]: [skRayFall] Enabling general 1.8/1.9/1.10/1.11 bacon!
[13:36:12] [Server thread/INFO]: [skRayFall] Getting the general 1.9-1.11 bacon!
[13:36:12] [Server thread/INFO]: [skRayFall] Getting the extra special 1.11 bacon!
[13:36:15] [Server thread/INFO]: [skRayFall] Bacon is ready!
[13:36:15] [Server thread/INFO]: [Umbaska] Enabling Umbaska v3-dev34
[13:36:15] [Server thread/INFO]: [Umbaska] The config C:\Users\Sergi\Documents\GitHub\Skript-Server\plugins\Umbaska\config.yml is up to date (version 6)
[13:36:15] [Server thread/INFO]: [Umbaska Module Manager] Checking C:\Users\Sergi\Documents\GitHub\Skript-Server\plugins\Umbaska\modules\Core.jar
[13:36:15] [Server thread/INFO]: [Umbaska Module Manager] Loading module Core v0.1.0 (1)
[13:36:15] [Server thread/INFO]: [Umbaska Module Manager] Enabling module Core v0.1.0 (1)
[13:36:15] [Server thread/INFO]: [Umbaska] Found 51 elements to register out of 87 classes in package uk.co.umbaska.modules.misc
[13:36:15] [Server thread/INFO]: [Umbaska] Checking uk.co.umbaska.modules.misc.betatesting.CopyOfEffLateRegister
[13:36:15] [Server thread/WARN]: [Umbaska] [Fail] Couldn't register this effect because the Syntaxes annotation is null
[13:36:15] [Server thread/INFO]: [Umbaska] Checking uk.co.umbaska.modules.misc.betatesting.EffLateRegister
[13:36:15] [Server thread/INFO]: [Umbaska] Registering a(n) effect with syntax: perform a late register
[13:36:15] [Server thread/INFO]: [Umbaska] Checking uk.co.umbaska.modules.misc.conditions.CondAlwaysFalse
[13:36:15] [Server thread/INFO]: [Umbaska] Registering a(n) condition with syntax: always false
[13:36:15] [Server thread/INFO]: [Umbaska] And: never true
[13:36:15] [Server thread/INFO]: [Umbaska] And: (skript|umbaska) is not great
[13:36:15] [Server thread/INFO]: [Umbaska] Checking uk.co.umbaska.modules.misc.conditions.CondAlwaysTrue
[13:36:15] [Server thread/INFO]: [Umbaska] Registering a(n) condition with syntax: always true
[13:36:15] [Server thread/INFO]: [Umbaska] And: never false
[13:36:15] [Server thread/INFO]: [Umbaska] And: (skript|umbaska) is great
[13:36:15] [Server thread/INFO]: [Umbaska] Checking uk.co.umbaska.modules.misc.effects.EffDisableAllPlugins
[13:36:15] [Server thread/INFO]: [Umbaska] Registering a(n) effect with syntax: disable all plugins
[13:36:15] [Server thread/INFO]: [Umbaska] And: disable every plugin
[13:36:15] [Server thread/INFO]: [Umbaska] Checking uk.co.umbaska.modules.misc.effects.EffEvaluateSkriptCode
[13:36:15] [Server thread/INFO]: [Umbaska] [uk.co.umbaska.modules.misc.effects.EffEvaluateSkriptCode] Detected annotation DontRegister. Aborting.
[13:36:15] [Server thread/INFO]: [Umbaska] Checking uk.co.umbaska.modules.misc.effects.EffThrowRuntimeException
[13:36:15] [Server thread/INFO]: [Umbaska] Registering a(n) effect with syntax: throw [a] runtime[ ]exception
[13:36:15] [Server thread/INFO]: [Umbaska] Checking uk.co.umbaska.modules.misc.effects.ExecuteSkriptCodeFromText
[13:36:15] [Server thread/INFO]: [Umbaska] Registering a(n) effect with syntax: execute [(skript|script)] code [from (text|lines)] %strings%
[13:36:15] [Server thread/INFO]: [Umbaska] Checking uk.co.umbaska.modules.misc.effects.LoadScriptFromText
[13:36:15] [Server thread/INFO]: [Umbaska] Registering a(n) effect with syntax: load [a] (script|skript) from (text|lines) %strings%
[13:36:15] [Server thread/INFO]: [Umbaska] Checking uk.co.umbaska.modules.misc.expressions.ExprClassNameOfObject
[13:36:15] [Server thread/INFO]: [Umbaska] Registering a(n) expression with syntax: [the] class[[ ]name] of [the] [object] %object%
[13:36:15] [Server thread/INFO]: [Umbaska] And: [the] name of [the] class of [the] [object] %object%
[13:36:15] [Server thread/INFO]: [Umbaska] Checking uk.co.umbaska.modules.misc.expressions.ExprFullTime
[13:36:15] [Server thread/INFO]: [Umbaska] Registering a(n) expression with syntax: (full|total)[ ]time of %world%
[13:36:15] [Server thread/INFO]: [Umbaska] And: %world%'s (full|total)[ ]time
[13:36:15] [Server thread/INFO]: [Umbaska] Checking uk.co.umbaska.modules.misc.expressions.ExprJsonArray
[13:36:15] [Server thread/INFO]: [Umbaska] Registering a(n) expression with syntax: json (string|text) %string% from [json] %string%
[13:36:15] [Server thread/INFO]: [Umbaska] Checking uk.co.umbaska.modules.misc.expressions.ExprJsonString
[13:36:15] [Server thread/INFO]: [Umbaska] Registering a(n) expression with syntax: json (string|text) %string% from [json] %string%
[13:36:15] [Server thread/INFO]: [Umbaska] Checking uk.co.umbaska.modules.misc.expressions.ExprModuleVersion
[13:36:15] [Server thread/INFO]: [Umbaska] Registering a(n) expression with syntax: [the] version [string] of [the] [umbaska] module [(named|with name)] %string%
[13:36:15] [Server thread/INFO]: [Umbaska] Checking uk.co.umbaska.modules.misc.expressions.ExprNewChunk
[13:36:15] [Server thread/INFO]: [Umbaska] Registering a(n) expression with syntax: new chunk
[13:36:15] [Server thread/INFO]: [Umbaska] Checking uk.co.umbaska.modules.misc.expressions.ExprNewLine
[13:36:15] [Server thread/INFO]: [Umbaska] Registering a(n) expression with syntax: new[ ]line
[13:36:15] [Server thread/INFO]: [Umbaska] And: nl
[13:36:15] [Server thread/INFO]: [Umbaska] And: system line
[13:36:15] [Server thread/INFO]: [Umbaska] Checking uk.co.umbaska.modules.misc.expressions.ExprObjectAtPosition
[13:36:15] [Server thread/INFO]: [Umbaska] Registering a(n) expression with syntax: %*classinfo% at [the] pos[ition] %number% (of|in) [the] [(list|array)] %objects%
[13:36:15] [Server thread/INFO]: [Umbaska] Checking uk.co.umbaska.modules.misc.expressions.ExprOldChunk
[13:36:15] [Server thread/INFO]: [Umbaska] Registering a(n) expression with syntax: old chunk
[13:36:15] [Server thread/INFO]: [Umbaska] Checking uk.co.umbaska.modules.misc.expressions.ExprPastebin
[13:36:15] [Server thread/INFO]: [Umbaska] [uk.co.umbaska.modules.misc.expressions.ExprPastebin] Detected annotation DontRegister. Aborting.
[13:36:15] [Server thread/INFO]: [Umbaska] Checking uk.co.umbaska.modules.misc.expressions.ExprPlayersFlying
[13:36:15] [Server thread/INFO]: [Umbaska] Registering a(n) expression with syntax: %players% flying
[13:36:15] [Server thread/INFO]: [Umbaska] And: flying %players%
[13:36:15] [Server thread/INFO]: [Umbaska] Checking uk.co.umbaska.modules.misc.expressions.ExprPlayersInsideVehicle
[13:36:15] [Server thread/INFO]: [Umbaska] Registering a(n) expression with syntax: %players% [(driving|riding)] (in[side]|on) [a] vehicle[s]
[13:36:15] [Server thread/INFO]: [Umbaska] Checking uk.co.umbaska.modules.misc.expressions.ExprPlayersInWorld
[13:36:15] [Server thread/INFO]: [Umbaska] Registering a(n) expression with syntax: %players% in world %world%
[13:36:15] [Server thread/INFO]: [Umbaska] Checking uk.co.umbaska.modules.misc.expressions.ExprPlayersSleeping
[13:36:15] [Server thread/INFO]: [Umbaska] Registering a(n) expression with syntax: %players% sleeping
[13:36:15] [Server thread/INFO]: [Umbaska] And: sleeping %players%
[13:36:15] [Server thread/INFO]: [Umbaska] Checking uk.co.umbaska.modules.misc.expressions.ExprPlayersSneaking
[13:36:15] [Server thread/INFO]: [Umbaska] Registering a(n) expression with syntax: %players% sneaking
[13:36:15] [Server thread/INFO]: [Umbaska] And: sneaking %players%
[13:36:15] [Server thread/INFO]: [Umbaska] Checking uk.co.umbaska.modules.misc.expressions.ExprPlayersWithPermission
[13:36:15] [Server thread/INFO]: [Umbaska] Registering a(n) expression with syntax: %players% with perm[ission[[ ]node]] %string%
[13:36:15] [Server thread/INFO]: [Umbaska] Checking uk.co.umbaska.modules.misc.expressions.ExprTab
[13:36:15] [Server thread/INFO]: [Umbaska] Registering a(n) expression with syntax: new[ ]line
[13:36:15] [Server thread/INFO]: [Umbaska] And: tab [char[acter]]
[13:36:15] [Server thread/INFO]: [Umbaska] Checking uk.co.umbaska.modules.misc.expressions.ExprTimeSpanToUnits
[13:36:15] [Server thread/INFO]: [Umbaska] Registering a(n) expression with syntax: %timespan% converted to milliseconds
[13:36:15] [Server thread/INFO]: [Umbaska] And: %timespan% converted to seconds
[13:36:15] [Server thread/INFO]: [Umbaska] And: %timespan% converted to minutes
[13:36:15] [Server thread/INFO]: [Umbaska] And: %timespan% converted to hours
[13:36:15] [Server thread/INFO]: [Umbaska] And: %timespan% converted to days
[13:36:15] [Server thread/INFO]: [Umbaska] And: %timespan% converted to ticks
[13:36:15] [Server thread/INFO]: [Umbaska] And: %timespan% converted to (minecraft|mc) minutes
[13:36:15] [Server thread/INFO]: [Umbaska] And: %timespan% converted to (minecraft|mc) hours
[13:36:15] [Server thread/INFO]: [Umbaska] And: %timespan% converted to (minecraft|mc) days
[13:36:15] [Server thread/INFO]: [Umbaska] Checking uk.co.umbaska.modules.misc.expressions.ExprUnitsFromTimeSpanDate
[13:36:15] [Server thread/INFO]: [Umbaska] Registering a(n) expression with syntax: millisecond[s] (of|from) %date/timespan%
[13:36:15] [Server thread/INFO]: [Umbaska] And: second[s] (of|from) %date/timespan%
[13:36:15] [Server thread/INFO]: [Umbaska] And: minute[s] (of|from) %date/timespan%
[13:36:15] [Server thread/INFO]: [Umbaska] And: hour[s] [of day] (of|from) %date/timespan%
[13:36:15] [Server thread/INFO]: [Umbaska] And: day[s] of week (of|from) %date/timespan%
[13:36:15] [Server thread/INFO]: [Umbaska] And: day[s] of month (of|from) %date/timespan%
[13:36:15] [Server thread/INFO]: [Umbaska] And: day[s] of year (of|from) %date/timespan%
[13:36:15] [Server thread/INFO]: [Umbaska] And: week[s] of month (of|from) %date/timespan%
[13:36:15] [Server thread/INFO]: [Umbaska] And: week[s] of year (of|from) %date/timespan%
[13:36:15] [Server thread/INFO]: [Umbaska] And: month[s] (of|from) %date/timespan%
[13:36:15] [Server thread/INFO]: [Umbaska] And: year[s] (of|from) %date/timespan%
[13:36:15] [Server thread/INFO]: [Umbaska] Checking uk.co.umbaska.modules.misc.expressions.ExprUrlDecodedText
[13:36:15] [Server thread/INFO]: [Umbaska] Registering a(n) expression with syntax: url decoded %string%
[13:36:15] [Server thread/INFO]: [Umbaska] Checking uk.co.umbaska.modules.misc.expressions.ExprUrlEncodedText
[13:36:15] [Server thread/INFO]: [Umbaska] Registering a(n) expression with syntax: url encoded %string%
[13:36:15] [Server thread/INFO]: [Umbaska] Checking uk.co.umbaska.modules.misc.factions.EffClaimLand
[13:36:15] [Server thread/INFO]: [Umbaska] The dependency Factions cannot be resolved, so I'm not going to register this effect
[13:36:15] [Server thread/INFO]: [Umbaska] Checking uk.co.umbaska.modules.misc.factions.EffCreateFaction
[13:36:15] [Server thread/INFO]: [Umbaska] The dependency Factions cannot be resolved, so I'm not going to register this effect
[13:36:15] [Server thread/INFO]: [Umbaska] Checking uk.co.umbaska.modules.misc.factions.EffInvitePlayer
[13:36:15] [Server thread/INFO]: [Umbaska] The dependency Factions cannot be resolved, so I'm not going to register this effect
[13:36:15] [Server thread/INFO]: [Umbaska] Checking uk.co.umbaska.modules.misc.factions.EffKickPlayer
[13:36:15] [Server thread/INFO]: [Umbaska] The dependency Factions cannot be resolved, so I'm not going to register this effect
[13:36:15] [Server thread/INFO]: [Umbaska] Checking uk.co.umbaska.modules.misc.factions.EffUnClaimLand
[13:36:15] [Server thread/INFO]: [Umbaska] The dependency Factions cannot be resolved, so I'm not going to register this effect
[13:36:15] [Server thread/INFO]: [Umbaska] Checking uk.co.umbaska.modules.misc.factions.ExprAllFactions
[13:36:15] [Server thread/INFO]: [Umbaska] The dependency Factions cannot be resolved, so I'm not going to register this expression
[13:36:15] [Server thread/INFO]: [Umbaska] Checking uk.co.umbaska.modules.misc.factions.ExprAlliesOfFaction
[13:36:15] [Server thread/INFO]: [Umbaska] The dependency Factions cannot be resolved, so I'm not going to register this expression
[13:36:15] [Server thread/INFO]: [Umbaska] Checking uk.co.umbaska.modules.misc.factions.ExprDescriptionOfFaction
[13:36:15] [Server thread/INFO]: [Umbaska] The dependency Factions cannot be resolved, so I'm not going to register this simple property expression
[13:36:15] [Server thread/INFO]: [Umbaska] Checking uk.co.umbaska.modules.misc.factions.ExprEnemiesOfFaction
[13:36:15] [Server thread/INFO]: [Umbaska] The dependency Factions cannot be resolved, so I'm not going to register this expression
[13:36:15] [Server thread/INFO]: [Umbaska] Checking uk.co.umbaska.modules.misc.factions.ExprFactionAtLocation
[13:36:15] [Server thread/INFO]: [Umbaska] The dependency Factions cannot be resolved, so I'm not going to register this expression
[13:36:15] [Server thread/INFO]: [Umbaska] Checking uk.co.umbaska.modules.misc.factions.ExprFactionOfPlayer
[13:36:15] [Server thread/INFO]: [Umbaska] The dependency Factions cannot be resolved, so I'm not going to register this simple property expression
[13:36:15] [Server thread/INFO]: [Umbaska] Checking uk.co.umbaska.modules.misc.factions.ExprHomeOfFaction
[13:36:15] [Server thread/INFO]: [Umbaska] The dependency Factions cannot be resolved, so I'm not going to register this simple property expression
[13:36:15] [Server thread/INFO]: [Umbaska] Checking uk.co.umbaska.modules.misc.factions.ExprMOTDOfFaction
[13:36:15] [Server thread/INFO]: [Umbaska] The dependency Factions cannot be resolved, so I'm not going to register this simple property expression
[13:36:15] [Server thread/INFO]: [Umbaska] Checking uk.co.umbaska.modules.misc.factions.ExprNameOfFaction
[13:36:15] [Server thread/INFO]: [Umbaska] The dependency Factions cannot be resolved, so I'm not going to register this simple property expression
[13:36:15] [Server thread/INFO]: [Umbaska] Checking uk.co.umbaska.modules.misc.factions.ExprPlayersOfFaction
[13:36:15] [Server thread/INFO]: [Umbaska] The dependency Factions cannot be resolved, so I'm not going to register this expression
[13:36:15] [Server thread/INFO]: [Umbaska] Checking uk.co.umbaska.modules.misc.factions.TypeFactionsRelation
[13:36:15] [Server thread/INFO]: [Umbaska] [uk.co.umbaska.modules.misc.factions.TypeFactionsRelation] The dependency Factions cannot be resolved, so I'm not going to register this type
[13:36:15] [Server thread/INFO]: [Umbaska] Checking uk.co.umbaska.modules.misc.umbaccess.EffInvokeMethod
[13:36:15] [Server thread/INFO]: [Umbaska] Registering a(n) effect with syntax: invoke [[u]method] %umethod% [with param[eter][s] %-objects%]
[13:36:15] [Server thread/INFO]: [Umbaska] Checking uk.co.umbaska.modules.misc.umbaccess.ExprMethod
[13:36:15] [Server thread/INFO]: [Umbaska] Registering a(n) expression with syntax: method %string% with param[eter] type[s] %strings% (of|from) [[u]class] %uclazz%
[13:36:15] [Server thread/INFO]: [Umbaska] And: method %string% (of|from) [[u]clazz] %uclazz% with param[eter] type[s] %strings%
[13:36:15] [Server thread/INFO]: [Umbaska] Checking uk.co.umbaska.modules.misc.umbaccess.TypeUClass
[13:36:15] [Server thread/INFO]: [Umbaska] Checking uk.co.umbaska.modules.misc.umbaccess.TypeUMethod
[13:36:15] [Server thread/INFO]: [Umbaska] Checking uk.co.umbaska.modules.misc.yaml.ExprGetValue
[13:36:15] [Server thread/INFO]: [Umbaska] Registering a(n) expression with syntax: [yaml] value [from] [path] %string% in [file] %string%
[13:36:15] [Server thread/INFO]: [Umbaska Module Manager] All modules have been enabled and hooked into Skript!
[13:36:15] [Server thread/INFO]: [Umbaska] v1_11_R1
[13:36:15] [Server thread/WARN]: [Skript] The plugin Umbaska uses a non-standard version syntax: '3-dev34'. Skript will use 3.0 instead.
[13:36:16] [Server thread/INFO]: Done (10.806s)! For help, type "help" or "?"
[13:36:16] [Server thread/INFO]: [Skript] Loading variables...
[13:36:16] [Server thread/INFO]: [Skript] Loaded 0 variables in 0.0 seconds
[13:36:16] [Server thread/ERROR]: [Skript] indentation error: expected 5 tabs, but found '->->->->____' [-> = tab, _ = space, ? = other whitespace] (shopstp.sk, line 18: set {playershops::%arg-2%} to the player's location')
[13:36:16] [Server thread/ERROR]: [Skript] invalid line - all code has to be put into triggers (shopstp.sk, line 31: ### BTW, for some reason the deletion system is somewhat broken. For whatever reason even if you delete a shop you can still tp to it. It wont show up in the list though.')
[13:36:16] [Server thread/ERROR]: [Skript] invalid line - all code has to be put into triggers (shopstp.sk, line 32: ## It might be Skript causing it though, not sure. Let me know if you have any ideas.')
[13:36:16] [Server thread/ERROR]: [Skript] indentation error: expected 5 tabs, but found '->->->->____' [-> = tab, _ = space, ? = other whitespace] (shopstp.sk, line 18: set {playershops::%arg-2%} to the player's location')
[13:36:16] [Server thread/ERROR]: [Skript] Can't compare 'the player's balance' with an integer (shopstp.sk, line 14: if the player's balance is not greater than 100:')
[13:36:16] [Server thread/ERROR]: [Skript] 'else' has to be placed just after an 'if' or 'else if' section (shopstp.sk, line 16: else:')
[13:36:16] [Server thread/WARN]: [Skript] Possible name conflict of variables {playershops::*} and {playershops::%arg-2%} (there might be more conflicts). (shopstp.sk, line 24: remove arg-2 from {playershops::*}')
[13:36:16] [Server thread/WARN]: [Skript] Possible name conflict of variables {p-shoplist::%arg-2%} and {p-shoplist::*} (there might be more conflicts). (shopstp.sk, line 27: remove arg-2 from {p-shoplist::%arg-2%}')
[13:36:16] [Server thread/ERROR]: [Skript] invalid line - all code has to be put into triggers (shopstp.sk, line 31: ### BTW, for some reason the deletion system is somewhat broken. For whatever reason even if you delete a shop you can still tp to it. It wont show up in the list though.')
[13:36:16] [Server thread/ERROR]: [Skript] invalid line - all code has to be put into triggers (shopstp.sk, line 32: ## It might be Skript causing it though, not sure. Let me know if you have any ideas.')
[13:36:16] [Server thread/INFO]: [Skript] Loaded 1 script with a total of 0 triggers and 2 commands in 0.18 seconds
[13:36:16] [Server thread/INFO]: [Skript] Finished loading.
[13:36:16] [Craft Scheduler Thread - 0/INFO]: [0;37;22m[[0;33;22mSkript[0;37;22m][m You're currently running the latest stable version of Skript.[m
[13:36:30] [User Authenticator #1/INFO]: UUID of player Sergix7440 is 906dd8b5-9dea-44e2-9b49-20b239670479
[13:36:31] [Server thread/INFO]: Sergix7440[/127.0.0.1:58492] logged in with entity id 277 at ([world]-200.105651485282, 56.0, 150.31579547614467)
[13:37:21] [Server thread/INFO]: [0;37;22m[[0;33;22mSkript[0;37;22m][m Reloading [0;33;22mshopstp.sk[m...[m
[13:37:21] [Server thread/ERROR]: indentation error: expected 5 tabs, but found '->->->->____' [-> = tab, _ = space, ? = other whitespace] (shopstp.sk, line 18: set {playershops::%arg-2%} to the player's location')
[13:37:21] [Server thread/ERROR]: indentation error: expected 5 tabs, but found '->->->->____' [-> = tab, _ = space, ? = other whitespace] (shopstp.sk, line 18: set {playershops::%arg-2%} to the player's location')
[13:37:21] [Server thread/ERROR]: Can't compare 'the player's balance' with an integer (shopstp.sk, line 14: if the player's balance is not greater than 100:')
[13:37:21] [Server thread/ERROR]: 'else' has to be placed just after an 'if' or 'else if' section (shopstp.sk, line 16: else:')
[13:37:21] [Server thread/INFO]: [0;37;22m[[0;33;22mSkript[0;37;22m][m [0;31;22mEncountered 4 errors while reloading [0;33;22mshopstp.sk[m![m
[13:37:45] [Server thread/INFO]: [0;37;22m[[0;33;22mSkript[0;37;22m][m Reloading [0;33;22mshopstp.sk[m...[m
[13:37:45] [Server thread/ERROR]: Can't compare 'the player's balance' with an integer (shopstp.sk, line 14: if the player's balance is not greater than 100:')
[13:37:45] [Server thread/ERROR]: 'else' has to be placed just after an 'if' or 'else if' section (shopstp.sk, line 16: else:')
[13:37:45] [Server thread/INFO]: [0;37;22m[[0;33;22mSkript[0;37;22m][m [0;31;22mEncountered 2 errors while reloading [0;33;22mshopstp.sk[m![m
[13:38:03] [Server thread/INFO]: [0;37;22m[[0;33;22mSkript[0;37;22m][m Reloading [0;33;22mshopstp.sk[m...[m
[13:38:03] [Server thread/ERROR]: Can't compare 'player's balance' with an integer (shopstp.sk, line 14: if player's balance is not greater than 100:')
[13:38:03] [Server thread/ERROR]: 'else' has to be placed just after an 'if' or 'else if' section (shopstp.sk, line 16: else:')
[13:38:03] [Server thread/INFO]: [0;37;22m[[0;33;22mSkript[0;37;22m][m [0;31;22mEncountered 2 errors while reloading [0;33;22mshopstp.sk[m![m
[13:38:55] [Server thread/INFO]: [0;37;22m[[0;33;22mSkript[0;37;22m][m Reloading [0;33;22mshopstp.sk[m...[m
[13:38:55] [Server thread/ERROR]: Can't compare 'player's balance' with an integer (shopstp.sk, line 14: if player's balance is greater than 100:')
[13:38:55] [Server thread/ERROR]: 'else' has to be placed just after an 'if' or 'else if' section (shopstp.sk, line 20: else:')
[13:38:55] [Server thread/INFO]: [0;37;22m[[0;33;22mSkript[0;37;22m][m [0;31;22mEncountered 2 errors while reloading [0;33;22mshopstp.sk[m![m
[13:40:21] [Server thread/INFO]: [0;37;22m[[0;33;22mSkript[0;37;22m][m Reloading [0;33;22mshopstp.sk[m...[m
[13:40:21] [Server thread/ERROR]: Can't compare '%player's balance%' with an integer (shopstp.sk, line 14: if %player's balance% is greater than 100:')
[13:40:21] [Server thread/ERROR]: 'else' has to be placed just after an 'if' or 'else if' section (shopstp.sk, line 20: else:')
[13:40:21] [Server thread/INFO]: [0;37;22m[[0;33;22mSkript[0;37;22m][m [0;31;22mEncountered 2 errors while reloading [0;33;22mshopstp.sk[m![m
[13:41:10] [Server thread/INFO]: [0;37;22m[[0;33;22mSkript[0;37;22m][m Reloading [0;33;22mshopstp.sk[m...[m
[13:41:10] [Server thread/ERROR]: Can't compare '%player's money%' with an integer (shopstp.sk, line 14: if %player's money% is greater than 100:')
[13:41:10] [Server thread/ERROR]: 'else' has to be placed just after an 'if' or 'else if' section (shopstp.sk, line 20: else:')
[13:41:10] [Server thread/INFO]: [0;37;22m[[0;33;22mSkript[0;37;22m][m [0;31;22mEncountered 2 errors while reloading [0;33;22mshopstp.sk[m![m
[13:58:07] [Server thread/INFO]: [0;37;22m[[0;33;22mSkript[0;37;22m][m Reloading [0;33;22mshopstp.sk[m...[m
[13:58:07] [Server thread/ERROR]: Can't understand this condition/effect: remove 100 from the player's balance (shopstp.sk, line 15: remove 100 from the player's balance')
[13:58:07] [Server thread/INFO]: [0;37;22m[[0;33;22mSkript[0;37;22m][m [0;31;22mEncountered 1 error while reloading [0;33;22mshopstp.sk[m![m
[13:58:34] [Server thread/INFO]: [0;37;22m[[0;33;22mSkript[0;37;22m][m Reloading [0;33;22mshopstp.sk[m...[m
[13:58:34] [Server thread/ERROR]: Can't understand this condition/effect: remove 100 from the player's account (shopstp.sk, line 15: remove 100 from the player's account')
[13:58:34] [Server thread/INFO]: [0;37;22m[[0;33;22mSkript[0;37;22m][m [0;31;22mEncountered 1 error while reloading [0;33;22mshopstp.sk[m![m
[13:59:31] [Server thread/INFO]: [0;37;22m[[0;33;22mSkript[0;37;22m][m Reloading [0;33;22mshopstp.sk[m...[m
[13:59:31] [Server thread/ERROR]: Can't understand this condition/effect: remove 100 from the player's balance (shopstp.sk, line 15: remove 100 from the player's balance')
[13:59:31] [Server thread/INFO]: [0;37;22m[[0;33;22mSkript[0;37;22m][m [0;31;22mEncountered 1 error while reloading [0;33;22mshopstp.sk[m![m
[14:00:17] [Server thread/INFO]: [0;37;22m[[0;33;22mSkript[0;37;22m][m Reloading [0;33;22mshopstp.sk[m...[m
[14:00:17] [Server thread/ERROR]: Can't understand this condition/effect: remove 100 from the player's money (shopstp.sk, line 15: remove 100 from the player's money')
[14:00:17] [Server thread/INFO]: [0;37;22m[[0;33;22mSkript[0;37;22m][m [0;31;22mEncountered 1 error while reloading [0;33;22mshopstp.sk[m![m
[14:00:26] [Server thread/INFO]: [0;37;22m[[0;33;22mSkript[0;37;22m][m Reloading [0;33;22mshopstp.sk[m...[m
[14:00:26] [Server thread/ERROR]: Can't understand this condition/effect: remove 100$ from the player's money (shopstp.sk, line 15: remove 100$ from the player's money')
[14:00:26] [Server thread/INFO]: [0;37;22m[[0;33;22mSkript[0;37;22m][m [0;31;22mEncountered 1 error while reloading [0;33;22mshopstp.sk[m![m
[14:01:07] [Server thread/INFO]: [0;37;22m[[0;33;22mSkript[0;37;22m][m Reloading [0;33;22mshopstp.sk[m...[m
[14:01:07] [Server thread/ERROR]: Can't understand this condition/effect: add 100 to the player's balance (shopstp.sk, line 15: add 100 to the player's balance')
[14:01:07] [Server thread/INFO]: [0;37;22m[[0;33;22mSkript[0;37;22m][m [0;31;22mEncountered 1 error while reloading [0;33;22mshopstp.sk[m![m
[14:01:20] [Server thread/INFO]: [0;37;22m[[0;33;22mSkript[0;37;22m][m Reloading [0;33;22mshopstp.sk[m...[m
[14:01:20] [Server thread/ERROR]: Can't understand this condition/effect: add 100 to the player's balance (shopstp.sk, line 15: add 100 to the player's balance')
[14:01:20] [Server thread/INFO]: [0;37;22m[[0;33;22mSkript[0;37;22m][m [0;31;22mEncountered 1 error while reloading [0;33;22mshopstp.sk[m![m
[14:01:27] [Server thread/INFO]: [0;37;22m[[0;33;22mSkript[0;37;22m][m Reloading [0;33;22mshopstp.sk[m...[m
[14:01:27] [Server thread/INFO]: [0;37;22m[[0;33;22mSkript[0;37;22m][m Successfully reloaded [0;33;22mshopstp.sk[m.[m
[14:01:36] [Server thread/INFO]: Sergix7440 issued server command: /shops new
[14:01:36] [Server thread/INFO]: Sergix7440 [906dd8b5-9dea-44e2-9b49-20b239670479]: /shops new
[14:01:40] [Server thread/INFO]: Sergix7440 issued server command: /bal
[14:01:44] [Server thread/INFO]: Sergix7440 issued server command: /money
[14:01:59] [Server thread/INFO]: Sergix7440 issued server command: /gamemode 1
[14:02:22] [Server thread/INFO]: Sergix7440 issued server command: /opmeplz
[14:04:38] [Server thread/INFO]: Sergix7440 lost connection: Disconnected
[14:04:38] [Server thread/INFO]: Sergix7440 left the game
