[21:40:51] [Server thread/INFO]: Starting minecraft server version 1.11.2
[21:40:51] [Server thread/INFO]: Loading properties
[21:40:51] [Server thread/INFO]: Default game type: SURVIVAL
[21:40:52] [Server thread/INFO]: This server is running CraftBukkit version git-Spigot-7d78b81-0fb3f8b (MC: 1.11.2) (Implementing API version 1.11.2-R0.1-SNAPSHOT)
[21:40:52] [Server thread/INFO]: Unable to find file banned-players.json, creating it.
[21:40:52] [Server thread/INFO]: Unable to find file banned-ips.json, creating it.
[21:40:52] [Server thread/INFO]: Unable to find file ops.json, creating it.
[21:40:52] [Server thread/INFO]: Unable to find file whitelist.json, creating it.
[21:40:52] [Server thread/INFO]: Debug logging is disabled
[21:40:52] [Server thread/INFO]: Using 4 threads for Netty based IO
[21:40:52] [Server thread/INFO]: Server Ping Player Sample Count: 12
[21:40:52] [Server thread/INFO]: Generating keypair
[21:40:52] [Server thread/INFO]: Starting Minecraft server on *:25565
[21:40:52] [Server thread/INFO]: Using default channel type
[21:40:52] [Server thread/INFO]: **** Beginning UUID conversion, this may take A LONG time ****
[21:40:52] [Server thread/INFO]: Preparing level "world"
[21:40:52] [Server thread/INFO]: -------- World Settings For [world] --------
[21:40:52] [Server thread/INFO]: Item Merge Radius: 2.5
[21:40:52] [Server thread/INFO]: Item Despawn Rate: 6000
[21:40:52] [Server thread/INFO]: Custom Map Seeds:  Village: 10387312 Feature: 14357617
[21:40:52] [Server thread/INFO]: Allow Zombie Pigmen to spawn from portal blocks: true
[21:40:52] [Server thread/INFO]: Arrow Despawn Rate: 1200
[21:40:52] [Server thread/INFO]: Experience Merge Radius: 3.0
[21:40:52] [Server thread/INFO]: Mob Spawn Range: 4
[21:40:52] [Server thread/INFO]: Cactus Growth Modifier: 100%
[21:40:52] [Server thread/INFO]: Cane Growth Modifier: 100%
[21:40:52] [Server thread/INFO]: Melon Growth Modifier: 100%
[21:40:52] [Server thread/INFO]: Mushroom Growth Modifier: 100%
[21:40:52] [Server thread/INFO]: Pumpkin Growth Modifier: 100%
[21:40:52] [Server thread/INFO]: Sapling Growth Modifier: 100%
[21:40:52] [Server thread/INFO]: Wheat Growth Modifier: 100%
[21:40:52] [Server thread/INFO]: NetherWart Growth Modifier: 100%
[21:40:52] [Server thread/INFO]: Vine Growth Modifier: 100%
[21:40:52] [Server thread/INFO]: Cocoa Growth Modifier: 100%
[21:40:52] [Server thread/INFO]: Entity Tracking Range: Pl 48 / An 48 / Mo 48 / Mi 32 / Other 64
[21:40:52] [Server thread/INFO]: Hopper Transfer: 8 Hopper Check: 8 Hopper Amount: 1
[21:40:52] [Server thread/INFO]: Random Lighting Updates: false
[21:40:52] [Server thread/INFO]: Tile Max Tick Time: 50ms Entity max Tick Time: 50ms
[21:40:52] [Server thread/INFO]: Max TNT Explosions: 100
[21:40:52] [Server thread/INFO]: Structure Info Saving: true
[21:40:52] [Server thread/INFO]: Entity Activation Range: An 32 / Mo 32 / Mi 16
[21:40:52] [Server thread/INFO]: Zombie Aggressive Towards Villager: true
[21:40:52] [Server thread/INFO]: View Distance: 10
[21:40:52] [Server thread/INFO]: Nerfing mobs spawned from spawners: false
[21:40:53] [Server thread/INFO]: -------- World Settings For [world_nether] --------
[21:40:53] [Server thread/INFO]: Item Merge Radius: 2.5
[21:40:53] [Server thread/INFO]: Item Despawn Rate: 6000
[21:40:53] [Server thread/INFO]: Custom Map Seeds:  Village: 10387312 Feature: 14357617
[21:40:53] [Server thread/INFO]: Allow Zombie Pigmen to spawn from portal blocks: true
[21:40:53] [Server thread/INFO]: Arrow Despawn Rate: 1200
[21:40:53] [Server thread/INFO]: Experience Merge Radius: 3.0
[21:40:53] [Server thread/INFO]: Mob Spawn Range: 4
[21:40:53] [Server thread/INFO]: Cactus Growth Modifier: 100%
[21:40:53] [Server thread/INFO]: Cane Growth Modifier: 100%
[21:40:53] [Server thread/INFO]: Melon Growth Modifier: 100%
[21:40:53] [Server thread/INFO]: Mushroom Growth Modifier: 100%
[21:40:53] [Server thread/INFO]: Pumpkin Growth Modifier: 100%
[21:40:53] [Server thread/INFO]: Sapling Growth Modifier: 100%
[21:40:53] [Server thread/INFO]: Wheat Growth Modifier: 100%
[21:40:53] [Server thread/INFO]: NetherWart Growth Modifier: 100%
[21:40:53] [Server thread/INFO]: Vine Growth Modifier: 100%
[21:40:53] [Server thread/INFO]: Cocoa Growth Modifier: 100%
[21:40:53] [Server thread/INFO]: Entity Tracking Range: Pl 48 / An 48 / Mo 48 / Mi 32 / Other 64
[21:40:53] [Server thread/INFO]: Hopper Transfer: 8 Hopper Check: 8 Hopper Amount: 1
[21:40:53] [Server thread/INFO]: Random Lighting Updates: false
[21:40:53] [Server thread/INFO]: Tile Max Tick Time: 50ms Entity max Tick Time: 50ms
[21:40:53] [Server thread/INFO]: Max TNT Explosions: 100
[21:40:53] [Server thread/INFO]: Structure Info Saving: true
[21:40:53] [Server thread/INFO]: Entity Activation Range: An 32 / Mo 32 / Mi 16
[21:40:53] [Server thread/INFO]: Zombie Aggressive Towards Villager: true
[21:40:53] [Server thread/INFO]: View Distance: 10
[21:40:53] [Server thread/INFO]: Nerfing mobs spawned from spawners: false
[21:40:53] [Server thread/INFO]: -------- World Settings For [world_the_end] --------
[21:40:53] [Server thread/INFO]: Item Merge Radius: 2.5
[21:40:53] [Server thread/INFO]: Item Despawn Rate: 6000
[21:40:53] [Server thread/INFO]: Custom Map Seeds:  Village: 10387312 Feature: 14357617
[21:40:53] [Server thread/INFO]: Allow Zombie Pigmen to spawn from portal blocks: true
[21:40:53] [Server thread/INFO]: Arrow Despawn Rate: 1200
[21:40:53] [Server thread/INFO]: Experience Merge Radius: 3.0
[21:40:53] [Server thread/INFO]: Mob Spawn Range: 4
[21:40:53] [Server thread/INFO]: Cactus Growth Modifier: 100%
[21:40:53] [Server thread/INFO]: Cane Growth Modifier: 100%
[21:40:53] [Server thread/INFO]: Melon Growth Modifier: 100%
[21:40:53] [Server thread/INFO]: Mushroom Growth Modifier: 100%
[21:40:53] [Server thread/INFO]: Pumpkin Growth Modifier: 100%
[21:40:53] [Server thread/INFO]: Sapling Growth Modifier: 100%
[21:40:53] [Server thread/INFO]: Wheat Growth Modifier: 100%
[21:40:53] [Server thread/INFO]: NetherWart Growth Modifier: 100%
[21:40:53] [Server thread/INFO]: Vine Growth Modifier: 100%
[21:40:53] [Server thread/INFO]: Cocoa Growth Modifier: 100%
[21:40:53] [Server thread/INFO]: Entity Tracking Range: Pl 48 / An 48 / Mo 48 / Mi 32 / Other 64
[21:40:53] [Server thread/INFO]: Hopper Transfer: 8 Hopper Check: 8 Hopper Amount: 1
[21:40:53] [Server thread/INFO]: Random Lighting Updates: false
[21:40:53] [Server thread/INFO]: Tile Max Tick Time: 50ms Entity max Tick Time: 50ms
[21:40:53] [Server thread/INFO]: Max TNT Explosions: 100
[21:40:53] [Server thread/INFO]: Structure Info Saving: true
[21:40:53] [Server thread/INFO]: Entity Activation Range: An 32 / Mo 32 / Mi 16
[21:40:53] [Server thread/INFO]: Zombie Aggressive Towards Villager: true
[21:40:53] [Server thread/INFO]: View Distance: 10
[21:40:53] [Server thread/INFO]: Nerfing mobs spawned from spawners: false
[21:40:53] [Server thread/INFO]: Preparing start region for level 0 (Seed: 6644277049522061815)
[21:40:54] [Server thread/INFO]: Preparing spawn area: 7%
[21:40:55] [Server thread/INFO]: Preparing spawn area: 15%
[21:40:56] [Server thread/INFO]: Preparing spawn area: 23%
[21:40:57] [Server thread/INFO]: Preparing spawn area: 30%
[21:40:58] [Server thread/INFO]: Preparing spawn area: 38%
[21:40:59] [Server thread/INFO]: Preparing spawn area: 48%
[21:41:00] [Server thread/INFO]: Preparing spawn area: 57%
[21:41:01] [Server thread/INFO]: Preparing spawn area: 64%
[21:41:02] [Server thread/INFO]: Preparing spawn area: 75%
[21:41:03] [Server thread/INFO]: Preparing spawn area: 87%
[21:41:04] [Server thread/INFO]: Preparing spawn area: 97%
[21:41:05] [Server thread/INFO]: Preparing start region for level 1 (Seed: 6644277049522061815)
[21:41:06] [Server thread/INFO]: Preparing spawn area: 11%
[21:41:07] [Server thread/INFO]: Preparing spawn area: 26%
[21:41:08] [Server thread/INFO]: Preparing spawn area: 39%
[21:41:09] [Server thread/INFO]: Preparing spawn area: 54%
[21:41:10] [Server thread/INFO]: Preparing spawn area: 72%
[21:41:11] [Server thread/INFO]: Preparing spawn area: 91%
[21:41:11] [Server thread/INFO]: Preparing start region for level 2 (Seed: 6644277049522061815)
[21:41:12] [Server thread/INFO]: Preparing spawn area: 41%
[21:41:13] [Server thread/INFO]: Preparing spawn area: 79%
[21:41:14] [Server thread/INFO]: Done (21.561s)! For help, type "help" or "?"
[21:41:25] [Server thread/INFO]: CONSOLE: [0;31;1mPlease note that this command is not supported and may cause issues when using some plugins.[m
[21:41:25] [Server thread/INFO]: CONSOLE: [0;31;1mIf you encounter any issues please use the /stop command to restart your server.[m
[21:41:25] [Server thread/INFO]: Debug logging is disabled
[21:41:25] [Server thread/INFO]: Using 4 threads for Netty based IO
[21:41:25] [Server thread/INFO]: Server Ping Player Sample Count: 12
[21:41:25] [Server thread/INFO]: -------- World Settings For [world] --------
[21:41:25] [Server thread/INFO]: Item Merge Radius: 2.5
[21:41:25] [Server thread/INFO]: Item Despawn Rate: 6000
[21:41:25] [Server thread/INFO]: Custom Map Seeds:  Village: 10387312 Feature: 14357617
[21:41:25] [Server thread/INFO]: Allow Zombie Pigmen to spawn from portal blocks: true
[21:41:25] [Server thread/INFO]: Arrow Despawn Rate: 1200
[21:41:25] [Server thread/INFO]: Experience Merge Radius: 3.0
[21:41:25] [Server thread/INFO]: Mob Spawn Range: 4
[21:41:25] [Server thread/INFO]: Cactus Growth Modifier: 100%
[21:41:25] [Server thread/INFO]: Cane Growth Modifier: 100%
[21:41:25] [Server thread/INFO]: Melon Growth Modifier: 100%
[21:41:25] [Server thread/INFO]: Mushroom Growth Modifier: 100%
[21:41:25] [Server thread/INFO]: Pumpkin Growth Modifier: 100%
[21:41:25] [Server thread/INFO]: Sapling Growth Modifier: 100%
[21:41:25] [Server thread/INFO]: Wheat Growth Modifier: 100%
[21:41:25] [Server thread/INFO]: NetherWart Growth Modifier: 100%
[21:41:25] [Server thread/INFO]: Vine Growth Modifier: 100%
[21:41:25] [Server thread/INFO]: Cocoa Growth Modifier: 100%
[21:41:25] [Server thread/INFO]: Entity Tracking Range: Pl 48 / An 48 / Mo 48 / Mi 32 / Other 64
[21:41:25] [Server thread/INFO]: Hopper Transfer: 8 Hopper Check: 8 Hopper Amount: 1
[21:41:25] [Server thread/INFO]: Random Lighting Updates: false
[21:41:25] [Server thread/INFO]: Tile Max Tick Time: 50ms Entity max Tick Time: 50ms
[21:41:25] [Server thread/INFO]: Max TNT Explosions: 100
[21:41:25] [Server thread/INFO]: Structure Info Saving: true
[21:41:25] [Server thread/INFO]: Entity Activation Range: An 32 / Mo 32 / Mi 16
[21:41:25] [Server thread/INFO]: Zombie Aggressive Towards Villager: true
[21:41:25] [Server thread/INFO]: View Distance: 10
[21:41:25] [Server thread/INFO]: Nerfing mobs spawned from spawners: false
[21:41:25] [Server thread/INFO]: -------- World Settings For [world_nether] --------
[21:41:25] [Server thread/INFO]: Item Merge Radius: 2.5
[21:41:25] [Server thread/INFO]: Item Despawn Rate: 6000
[21:41:25] [Server thread/INFO]: Custom Map Seeds:  Village: 10387312 Feature: 14357617
[21:41:25] [Server thread/INFO]: Allow Zombie Pigmen to spawn from portal blocks: true
[21:41:25] [Server thread/INFO]: Arrow Despawn Rate: 1200
[21:41:25] [Server thread/INFO]: Experience Merge Radius: 3.0
[21:41:25] [Server thread/INFO]: Mob Spawn Range: 4
[21:41:25] [Server thread/INFO]: Cactus Growth Modifier: 100%
[21:41:25] [Server thread/INFO]: Cane Growth Modifier: 100%
[21:41:25] [Server thread/INFO]: Melon Growth Modifier: 100%
[21:41:25] [Server thread/INFO]: Mushroom Growth Modifier: 100%
[21:41:25] [Server thread/INFO]: Pumpkin Growth Modifier: 100%
[21:41:25] [Server thread/INFO]: Sapling Growth Modifier: 100%
[21:41:25] [Server thread/INFO]: Wheat Growth Modifier: 100%
[21:41:25] [Server thread/INFO]: NetherWart Growth Modifier: 100%
[21:41:25] [Server thread/INFO]: Vine Growth Modifier: 100%
[21:41:25] [Server thread/INFO]: Cocoa Growth Modifier: 100%
[21:41:25] [Server thread/INFO]: Entity Tracking Range: Pl 48 / An 48 / Mo 48 / Mi 32 / Other 64
[21:41:25] [Server thread/INFO]: Hopper Transfer: 8 Hopper Check: 8 Hopper Amount: 1
[21:41:25] [Server thread/INFO]: Random Lighting Updates: false
[21:41:25] [Server thread/INFO]: Tile Max Tick Time: 50ms Entity max Tick Time: 50ms
[21:41:25] [Server thread/INFO]: Max TNT Explosions: 100
[21:41:25] [Server thread/INFO]: Structure Info Saving: true
[21:41:25] [Server thread/INFO]: Entity Activation Range: An 32 / Mo 32 / Mi 16
[21:41:25] [Server thread/INFO]: Zombie Aggressive Towards Villager: true
[21:41:25] [Server thread/INFO]: View Distance: 10
[21:41:25] [Server thread/INFO]: Nerfing mobs spawned from spawners: false
[21:41:25] [Server thread/INFO]: -------- World Settings For [world_the_end] --------
[21:41:25] [Server thread/INFO]: Item Merge Radius: 2.5
[21:41:25] [Server thread/INFO]: Item Despawn Rate: 6000
[21:41:25] [Server thread/INFO]: Custom Map Seeds:  Village: 10387312 Feature: 14357617
[21:41:25] [Server thread/INFO]: Allow Zombie Pigmen to spawn from portal blocks: true
[21:41:25] [Server thread/INFO]: Arrow Despawn Rate: 1200
[21:41:25] [Server thread/INFO]: Experience Merge Radius: 3.0
[21:41:25] [Server thread/INFO]: Mob Spawn Range: 4
[21:41:25] [Server thread/INFO]: Cactus Growth Modifier: 100%
[21:41:25] [Server thread/INFO]: Cane Growth Modifier: 100%
[21:41:25] [Server thread/INFO]: Melon Growth Modifier: 100%
[21:41:25] [Server thread/INFO]: Mushroom Growth Modifier: 100%
[21:41:25] [Server thread/INFO]: Pumpkin Growth Modifier: 100%
[21:41:25] [Server thread/INFO]: Sapling Growth Modifier: 100%
[21:41:25] [Server thread/INFO]: Wheat Growth Modifier: 100%
[21:41:25] [Server thread/INFO]: NetherWart Growth Modifier: 100%
[21:41:25] [Server thread/INFO]: Vine Growth Modifier: 100%
[21:41:25] [Server thread/INFO]: Cocoa Growth Modifier: 100%
[21:41:25] [Server thread/INFO]: Entity Tracking Range: Pl 48 / An 48 / Mo 48 / Mi 32 / Other 64
[21:41:25] [Server thread/INFO]: Hopper Transfer: 8 Hopper Check: 8 Hopper Amount: 1
[21:41:25] [Server thread/INFO]: Random Lighting Updates: false
[21:41:25] [Server thread/INFO]: Tile Max Tick Time: 50ms Entity max Tick Time: 50ms
[21:41:25] [Server thread/INFO]: Max TNT Explosions: 100
[21:41:25] [Server thread/INFO]: Structure Info Saving: true
[21:41:25] [Server thread/INFO]: Entity Activation Range: An 32 / Mo 32 / Mi 16
[21:41:25] [Server thread/INFO]: Zombie Aggressive Towards Villager: true
[21:41:25] [Server thread/INFO]: View Distance: 10
[21:41:25] [Server thread/INFO]: Nerfing mobs spawned from spawners: false
[21:41:25] [Server thread/INFO]: Set PluginClassLoader as parallel capable
[21:41:25] [Server thread/INFO]: [Skript] Loading Skript v2.2-dev22g
[21:41:25] [Server thread/INFO]: [skRayFall] Loading skRayFall v1.9.7
[21:41:25] [Server thread/INFO]: [Umbaska] Loading Umbaska v3-dev34
[21:41:25] [Server thread/INFO]: [Skript] Enabling Skript v2.2-dev22g
[21:41:26] [Server thread/INFO]: [Skript] Successfully generated the config, the example scripts and the aliases files.
[21:41:26] [Server thread/INFO]: [Skript] Starting updater thread
[21:41:26] [Server thread/INFO]: [Skript] Loaded a total of 19994 english aliases
[21:41:26] [Server thread/WARN]: [Skript] There are no aliases defined for the following ids: 438, 441, 452
[21:41:27] [Server thread/INFO]: [Skript]  ~ created by & © Peter Güttinger aka Njol ~
[21:41:27] [Server thread/INFO]: [skRayFall] Enabling skRayFall v1.9.7
[21:41:27] [Server thread/INFO]: [skRayFall] Yay! You are running skRayFall 1.9.7!
[21:41:27] [Server thread/INFO]: [skRayFall] Nathan and Lewis <3 you.
[21:41:27] [Server thread/INFO]: [skRayFall] Cooking Bacon...
[21:41:27] [Server thread/INFO]: [skRayFall] Citizens not found! Sorry you cant make friends, but don't worry we will still be your friend <3
[21:41:27] [Server thread/INFO]: [skRayFall] Got bacon for the EffectLib partical ninjas!
[21:41:27] [Server thread/INFO]: [skRayFall] No Votifier Found! *Checks oven for finished bacon*
[21:41:27] [Server thread/INFO]: [skRayFall] Enabling general 1.8/1.9/1.10/1.11 bacon!
[21:41:27] [Server thread/INFO]: [skRayFall] Getting the general 1.9-1.11 bacon!
[21:41:27] [Server thread/INFO]: [skRayFall] Getting the extra special 1.11 bacon!
[21:41:27] [Server thread/INFO]: [skRayFall] Bacon is ready!
[21:41:27] [Server thread/INFO]: [Umbaska] Enabling Umbaska v3-dev34
[21:41:27] [Server thread/INFO]: [Umbaska] Creating directory C:\Users\jack\Desktop\Server [Sk]\plugins\Umbaska
[21:41:27] [Server thread/INFO]: [Umbaska] Creating/updating the config file C:\Users\jack\Desktop\Server [Sk]\plugins\Umbaska\config.yml
[21:41:27] [Server thread/INFO]: [Umbaska] true
[21:41:27] [Server thread/INFO]: [Umbaska] Creating directory C:\Users\jack\Desktop\Server [Sk]\plugins\Umbaska\modules
[21:41:27] [Server thread/INFO]: [Umbaska Module Manager] You don't have any modules in the folder of Umbaska, why don't you download one? Try the command /umb modules
[21:41:28] [Server thread/INFO]: [Umbaska Module Manager] Loading module Core v0.1.0 (1)
[21:41:28] [Server thread/INFO]: [Umbaska Module Manager] Enabling module Core v0.1.0 (1)
[21:41:28] [Server thread/INFO]: [Umbaska] Found 51 elements to register out of 87 classes in package uk.co.umbaska.modules.misc
[21:41:28] [Server thread/INFO]: [Umbaska] Checking uk.co.umbaska.modules.misc.betatesting.CopyOfEffLateRegister
[21:41:28] [Server thread/WARN]: [Umbaska] [Fail] Couldn't register this effect because the Syntaxes annotation is null
[21:41:28] [Server thread/INFO]: [Umbaska] Checking uk.co.umbaska.modules.misc.betatesting.EffLateRegister
[21:41:28] [Server thread/INFO]: [Umbaska] Registering a(n) effect with syntax: perform a late register
[21:41:28] [Server thread/INFO]: [Umbaska] Checking uk.co.umbaska.modules.misc.conditions.CondAlwaysFalse
[21:41:28] [Server thread/INFO]: [Umbaska] Registering a(n) condition with syntax: always false
[21:41:28] [Server thread/INFO]: [Umbaska] And: never true
[21:41:28] [Server thread/INFO]: [Umbaska] And: (skript|umbaska) is not great
[21:41:28] [Server thread/INFO]: [Umbaska] Checking uk.co.umbaska.modules.misc.conditions.CondAlwaysTrue
[21:41:28] [Server thread/INFO]: [Umbaska] Registering a(n) condition with syntax: always true
[21:41:28] [Server thread/INFO]: [Umbaska] And: never false
[21:41:28] [Server thread/INFO]: [Umbaska] And: (skript|umbaska) is great
[21:41:28] [Server thread/INFO]: [Umbaska] Checking uk.co.umbaska.modules.misc.effects.EffDisableAllPlugins
[21:41:28] [Server thread/INFO]: [Umbaska] Registering a(n) effect with syntax: disable all plugins
[21:41:28] [Server thread/INFO]: [Umbaska] And: disable every plugin
[21:41:28] [Server thread/INFO]: [Umbaska] Checking uk.co.umbaska.modules.misc.effects.EffEvaluateSkriptCode
[21:41:28] [Server thread/INFO]: [Umbaska] [uk.co.umbaska.modules.misc.effects.EffEvaluateSkriptCode] Detected annotation DontRegister. Aborting.
[21:41:28] [Server thread/INFO]: [Umbaska] Checking uk.co.umbaska.modules.misc.effects.EffThrowRuntimeException
[21:41:28] [Server thread/INFO]: [Umbaska] Registering a(n) effect with syntax: throw [a] runtime[ ]exception
[21:41:28] [Server thread/INFO]: [Umbaska] Checking uk.co.umbaska.modules.misc.effects.ExecuteSkriptCodeFromText
[21:41:28] [Server thread/INFO]: [Umbaska] Registering a(n) effect with syntax: execute [(skript|script)] code [from (text|lines)] %strings%
[21:41:28] [Server thread/INFO]: [Umbaska] Checking uk.co.umbaska.modules.misc.effects.LoadScriptFromText
[21:41:28] [Server thread/INFO]: [Umbaska] Registering a(n) effect with syntax: load [a] (script|skript) from (text|lines) %strings%
[21:41:28] [Server thread/INFO]: [Umbaska] Checking uk.co.umbaska.modules.misc.expressions.ExprClassNameOfObject
[21:41:28] [Server thread/INFO]: [Umbaska] Registering a(n) expression with syntax: [the] class[[ ]name] of [the] [object] %object%
[21:41:28] [Server thread/INFO]: [Umbaska] And: [the] name of [the] class of [the] [object] %object%
[21:41:28] [Server thread/INFO]: [Umbaska] Checking uk.co.umbaska.modules.misc.expressions.ExprFullTime
[21:41:28] [Server thread/INFO]: [Umbaska] Registering a(n) expression with syntax: (full|total)[ ]time of %world%
[21:41:28] [Server thread/INFO]: [Umbaska] And: %world%'s (full|total)[ ]time
[21:41:28] [Server thread/INFO]: [Umbaska] Checking uk.co.umbaska.modules.misc.expressions.ExprJsonArray
[21:41:28] [Server thread/INFO]: [Umbaska] Registering a(n) expression with syntax: json (string|text) %string% from [json] %string%
[21:41:28] [Server thread/INFO]: [Umbaska] Checking uk.co.umbaska.modules.misc.expressions.ExprJsonString
[21:41:28] [Server thread/INFO]: [Umbaska] Registering a(n) expression with syntax: json (string|text) %string% from [json] %string%
[21:41:28] [Server thread/INFO]: [Umbaska] Checking uk.co.umbaska.modules.misc.expressions.ExprModuleVersion
[21:41:28] [Server thread/INFO]: [Umbaska] Registering a(n) expression with syntax: [the] version [string] of [the] [umbaska] module [(named|with name)] %string%
[21:41:28] [Server thread/INFO]: [Umbaska] Checking uk.co.umbaska.modules.misc.expressions.ExprNewChunk
[21:41:28] [Server thread/INFO]: [Umbaska] Registering a(n) expression with syntax: new chunk
[21:41:28] [Server thread/INFO]: [Umbaska] Checking uk.co.umbaska.modules.misc.expressions.ExprNewLine
[21:41:28] [Server thread/INFO]: [Umbaska] Registering a(n) expression with syntax: new[ ]line
[21:41:28] [Server thread/INFO]: [Umbaska] And: nl
[21:41:28] [Server thread/INFO]: [Umbaska] And: system line
[21:41:28] [Server thread/INFO]: [Umbaska] Checking uk.co.umbaska.modules.misc.expressions.ExprObjectAtPosition
[21:41:28] [Server thread/INFO]: [Umbaska] Registering a(n) expression with syntax: %*classinfo% at [the] pos[ition] %number% (of|in) [the] [(list|array)] %objects%
[21:41:28] [Server thread/INFO]: [Umbaska] Checking uk.co.umbaska.modules.misc.expressions.ExprOldChunk
[21:41:28] [Server thread/INFO]: [Umbaska] Registering a(n) expression with syntax: old chunk
[21:41:28] [Server thread/INFO]: [Umbaska] Checking uk.co.umbaska.modules.misc.expressions.ExprPastebin
[21:41:28] [Server thread/INFO]: [Umbaska] [uk.co.umbaska.modules.misc.expressions.ExprPastebin] Detected annotation DontRegister. Aborting.
[21:41:28] [Server thread/INFO]: [Umbaska] Checking uk.co.umbaska.modules.misc.expressions.ExprPlayersFlying
[21:41:28] [Server thread/INFO]: [Umbaska] Registering a(n) expression with syntax: %players% flying
[21:41:28] [Server thread/INFO]: [Umbaska] And: flying %players%
[21:41:28] [Server thread/INFO]: [Umbaska] Checking uk.co.umbaska.modules.misc.expressions.ExprPlayersInsideVehicle
[21:41:28] [Server thread/INFO]: [Umbaska] Registering a(n) expression with syntax: %players% [(driving|riding)] (in[side]|on) [a] vehicle[s]
[21:41:28] [Server thread/INFO]: [Umbaska] Checking uk.co.umbaska.modules.misc.expressions.ExprPlayersInWorld
[21:41:28] [Server thread/INFO]: [Umbaska] Registering a(n) expression with syntax: %players% in world %world%
[21:41:28] [Server thread/INFO]: [Umbaska] Checking uk.co.umbaska.modules.misc.expressions.ExprPlayersSleeping
[21:41:28] [Server thread/INFO]: [Umbaska] Registering a(n) expression with syntax: %players% sleeping
[21:41:28] [Server thread/INFO]: [Umbaska] And: sleeping %players%
[21:41:28] [Server thread/INFO]: [Umbaska] Checking uk.co.umbaska.modules.misc.expressions.ExprPlayersSneaking
[21:41:28] [Server thread/INFO]: [Umbaska] Registering a(n) expression with syntax: %players% sneaking
[21:41:28] [Server thread/INFO]: [Umbaska] And: sneaking %players%
[21:41:28] [Server thread/INFO]: [Umbaska] Checking uk.co.umbaska.modules.misc.expressions.ExprPlayersWithPermission
[21:41:28] [Server thread/INFO]: [Umbaska] Registering a(n) expression with syntax: %players% with perm[ission[[ ]node]] %string%
[21:41:28] [Server thread/INFO]: [Umbaska] Checking uk.co.umbaska.modules.misc.expressions.ExprTab
[21:41:28] [Server thread/INFO]: [Umbaska] Registering a(n) expression with syntax: new[ ]line
[21:41:28] [Server thread/INFO]: [Umbaska] And: tab [char[acter]]
[21:41:28] [Server thread/INFO]: [Umbaska] Checking uk.co.umbaska.modules.misc.expressions.ExprTimeSpanToUnits
[21:41:28] [Server thread/INFO]: [Umbaska] Registering a(n) expression with syntax: %timespan% converted to milliseconds
[21:41:28] [Server thread/INFO]: [Umbaska] And: %timespan% converted to seconds
[21:41:28] [Server thread/INFO]: [Umbaska] And: %timespan% converted to minutes
[21:41:28] [Server thread/INFO]: [Umbaska] And: %timespan% converted to hours
[21:41:28] [Server thread/INFO]: [Umbaska] And: %timespan% converted to days
[21:41:28] [Server thread/INFO]: [Umbaska] And: %timespan% converted to ticks
[21:41:28] [Server thread/INFO]: [Umbaska] And: %timespan% converted to (minecraft|mc) minutes
[21:41:28] [Server thread/INFO]: [Umbaska] And: %timespan% converted to (minecraft|mc) hours
[21:41:28] [Server thread/INFO]: [Umbaska] And: %timespan% converted to (minecraft|mc) days
[21:41:28] [Server thread/INFO]: [Umbaska] Checking uk.co.umbaska.modules.misc.expressions.ExprUnitsFromTimeSpanDate
[21:41:28] [Server thread/INFO]: [Umbaska] Registering a(n) expression with syntax: millisecond[s] (of|from) %date/timespan%
[21:41:28] [Server thread/INFO]: [Umbaska] And: second[s] (of|from) %date/timespan%
[21:41:28] [Server thread/INFO]: [Umbaska] And: minute[s] (of|from) %date/timespan%
[21:41:28] [Server thread/INFO]: [Umbaska] And: hour[s] [of day] (of|from) %date/timespan%
[21:41:28] [Server thread/INFO]: [Umbaska] And: day[s] of week (of|from) %date/timespan%
[21:41:28] [Server thread/INFO]: [Umbaska] And: day[s] of month (of|from) %date/timespan%
[21:41:28] [Server thread/INFO]: [Umbaska] And: day[s] of year (of|from) %date/timespan%
[21:41:28] [Server thread/INFO]: [Umbaska] And: week[s] of month (of|from) %date/timespan%
[21:41:28] [Server thread/INFO]: [Umbaska] And: week[s] of year (of|from) %date/timespan%
[21:41:28] [Server thread/INFO]: [Umbaska] And: month[s] (of|from) %date/timespan%
[21:41:28] [Server thread/INFO]: [Umbaska] And: year[s] (of|from) %date/timespan%
[21:41:28] [Server thread/INFO]: [Umbaska] Checking uk.co.umbaska.modules.misc.expressions.ExprUrlDecodedText
[21:41:28] [Server thread/INFO]: [Umbaska] Registering a(n) expression with syntax: url decoded %string%
[21:41:28] [Server thread/INFO]: [Umbaska] Checking uk.co.umbaska.modules.misc.expressions.ExprUrlEncodedText
[21:41:28] [Server thread/INFO]: [Umbaska] Registering a(n) expression with syntax: url encoded %string%
[21:41:28] [Server thread/INFO]: [Umbaska] Checking uk.co.umbaska.modules.misc.factions.EffClaimLand
[21:41:28] [Server thread/INFO]: [Umbaska] The dependency Factions cannot be resolved, so I'm not going to register this effect
[21:41:28] [Server thread/INFO]: [Umbaska] Checking uk.co.umbaska.modules.misc.factions.EffCreateFaction
[21:41:28] [Server thread/INFO]: [Umbaska] The dependency Factions cannot be resolved, so I'm not going to register this effect
[21:41:28] [Server thread/INFO]: [Umbaska] Checking uk.co.umbaska.modules.misc.factions.EffInvitePlayer
[21:41:28] [Server thread/INFO]: [Umbaska] The dependency Factions cannot be resolved, so I'm not going to register this effect
[21:41:28] [Server thread/INFO]: [Umbaska] Checking uk.co.umbaska.modules.misc.factions.EffKickPlayer
[21:41:28] [Server thread/INFO]: [Umbaska] The dependency Factions cannot be resolved, so I'm not going to register this effect
[21:41:28] [Server thread/INFO]: [Umbaska] Checking uk.co.umbaska.modules.misc.factions.EffUnClaimLand
[21:41:28] [Server thread/INFO]: [Umbaska] The dependency Factions cannot be resolved, so I'm not going to register this effect
[21:41:28] [Server thread/INFO]: [Umbaska] Checking uk.co.umbaska.modules.misc.factions.ExprAllFactions
[21:41:28] [Server thread/INFO]: [Umbaska] The dependency Factions cannot be resolved, so I'm not going to register this expression
[21:41:28] [Server thread/INFO]: [Umbaska] Checking uk.co.umbaska.modules.misc.factions.ExprAlliesOfFaction
[21:41:28] [Server thread/INFO]: [Umbaska] The dependency Factions cannot be resolved, so I'm not going to register this expression
[21:41:28] [Server thread/INFO]: [Umbaska] Checking uk.co.umbaska.modules.misc.factions.ExprDescriptionOfFaction
[21:41:28] [Server thread/INFO]: [Umbaska] The dependency Factions cannot be resolved, so I'm not going to register this simple property expression
[21:41:28] [Server thread/INFO]: [Umbaska] Checking uk.co.umbaska.modules.misc.factions.ExprEnemiesOfFaction
[21:41:28] [Server thread/INFO]: [Umbaska] The dependency Factions cannot be resolved, so I'm not going to register this expression
[21:41:28] [Server thread/INFO]: [Umbaska] Checking uk.co.umbaska.modules.misc.factions.ExprFactionAtLocation
[21:41:28] [Server thread/INFO]: [Umbaska] The dependency Factions cannot be resolved, so I'm not going to register this expression
[21:41:28] [Server thread/INFO]: [Umbaska] Checking uk.co.umbaska.modules.misc.factions.ExprFactionOfPlayer
[21:41:28] [Server thread/INFO]: [Umbaska] The dependency Factions cannot be resolved, so I'm not going to register this simple property expression
[21:41:28] [Server thread/INFO]: [Umbaska] Checking uk.co.umbaska.modules.misc.factions.ExprHomeOfFaction
[21:41:28] [Server thread/INFO]: [Umbaska] The dependency Factions cannot be resolved, so I'm not going to register this simple property expression
[21:41:28] [Server thread/INFO]: [Umbaska] Checking uk.co.umbaska.modules.misc.factions.ExprMOTDOfFaction
[21:41:28] [Server thread/INFO]: [Umbaska] The dependency Factions cannot be resolved, so I'm not going to register this simple property expression
[21:41:28] [Server thread/INFO]: [Umbaska] Checking uk.co.umbaska.modules.misc.factions.ExprNameOfFaction
[21:41:28] [Server thread/INFO]: [Umbaska] The dependency Factions cannot be resolved, so I'm not going to register this simple property expression
[21:41:28] [Server thread/INFO]: [Umbaska] Checking uk.co.umbaska.modules.misc.factions.ExprPlayersOfFaction
[21:41:28] [Server thread/INFO]: [Umbaska] The dependency Factions cannot be resolved, so I'm not going to register this expression
[21:41:28] [Server thread/INFO]: [Umbaska] Checking uk.co.umbaska.modules.misc.factions.TypeFactionsRelation
[21:41:28] [Server thread/INFO]: [Umbaska] [uk.co.umbaska.modules.misc.factions.TypeFactionsRelation] The dependency Factions cannot be resolved, so I'm not going to register this type
[21:41:28] [Server thread/INFO]: [Umbaska] Checking uk.co.umbaska.modules.misc.umbaccess.EffInvokeMethod
[21:41:28] [Server thread/INFO]: [Umbaska] Registering a(n) effect with syntax: invoke [[u]method] %umethod% [with param[eter][s] %-objects%]
[21:41:28] [Server thread/INFO]: [Umbaska] Checking uk.co.umbaska.modules.misc.umbaccess.ExprMethod
[21:41:28] [Server thread/INFO]: [Umbaska] Registering a(n) expression with syntax: method %string% with param[eter] type[s] %strings% (of|from) [[u]class] %uclazz%
[21:41:28] [Server thread/INFO]: [Umbaska] And: method %string% (of|from) [[u]clazz] %uclazz% with param[eter] type[s] %strings%
[21:41:28] [Server thread/INFO]: [Umbaska] Checking uk.co.umbaska.modules.misc.umbaccess.TypeUClass
[21:41:28] [Server thread/INFO]: [Umbaska] Checking uk.co.umbaska.modules.misc.umbaccess.TypeUMethod
[21:41:28] [Server thread/INFO]: [Umbaska] Checking uk.co.umbaska.modules.misc.yaml.ExprGetValue
[21:41:28] [Server thread/INFO]: [Umbaska] Registering a(n) expression with syntax: [yaml] value [from] [path] %string% in [file] %string%
[21:41:28] [Server thread/INFO]: [Umbaska] v1_11_R1
[21:41:28] [Server thread/WARN]: [Skript] The plugin Umbaska uses a non-standard version syntax: '3-dev34'. Skript will use 3.0 instead.
[21:41:28] [Server thread/INFO]: Server permissions file permissions.yml is empty, ignoring it
[21:41:28] [Server thread/INFO]: CONSOLE: [0;32;1mReload complete.[m
[21:41:28] [Server thread/INFO]: [Skript] Loading variables...
[21:41:28] [Server thread/INFO]: [Skript] Loaded 0 variables in 0.0 seconds
[21:41:28] [Server thread/INFO]: [Skript] All scripts loaded without errors.
[21:41:28] [Server thread/WARN]: [Skript] No scripts were found, maybe you should write some ;) (config.sk, line 168: databases:')
[21:41:28] [Server thread/INFO]: [Skript] Finished loading.
[21:41:28] [Craft Scheduler Thread - 0/INFO]: [0;37;22m[[0;33;22mSkript[0;37;22m][m You're currently running the latest stable version of Skript.[m
[21:42:49] [User Authenticator #1/INFO]: UUID of player NCSGeek is bdaed891-6c14-4016-be20-71008e1f15d1
[21:42:49] [Server thread/INFO]: NCSGeek[/127.0.0.1:47264] logged in with entity id 1305 at ([world]-294.5, 74.0, 209.5)
[21:42:57] [Server thread/INFO]: Opped NCSGeek
[21:43:49] [Server thread/INFO]: NCSGeek has just earned the achievement [Taking Inventory]
[21:43:53] [Server thread/INFO]: NCSGeek issued server command: /gamemode 1
[21:43:53] [Server thread/INFO]: [NCSGeek: Set own game mode to Creative Mode]
[21:47:11] [Server thread/INFO]: NCSGeek issued server command: /skript
[21:47:18] [Server thread/INFO]: NCSGeek issued server command: /skript help
[21:47:27] [Server thread/INFO]: NCSGeek issued server command: /skript timings
[21:51:29] [User Authenticator #2/INFO]: UUID of player Sergix7440 is 906dd8b5-9dea-44e2-9b49-20b239670479
[21:51:30] [Server thread/INFO]: Sergix7440[/24.88.124.139:55501] logged in with entity id 4125 at ([world]-298.5, 73.0, 218.5)
[21:51:34] [Server thread/INFO]: Sergix7440 issued server command: /shops tp easteregg
[21:51:41] [Server thread/INFO]: Sergix7440 issued server command: /shops easteregg
[21:51:56] [Async Chat Thread - #0/INFO]: <NCSGeek> me[m
[21:51:59] [Async Chat Thread - #0/INFO]: <Sergix7440> me[m
[21:54:41] [Server thread/INFO]: Sergix7440 drowned
[21:54:47] [Server thread/INFO]: Sergix7440 lost connection: Disconnected
[21:54:47] [Server thread/INFO]: Sergix7440 left the game
